<?xml version="1.0" encoding="UTF-8"?>
<!-- Generated by org.testng.reporters.JUnitReportReporter -->
<testsuite hostname="LAPTOP-KA4KTH0K" failures="0" tests="2" name="package1.LaunchBrowser" time="19.750" errors="0" timestamp="2024-04-08T01:18:24 IST" skipped="0">
  <testcase classname="package1.LaunchBrowser" name="myTest" time="11.887"/>
  <testcase classname="package1.LaunchBrowser" name="myTest" time="7.863"/>
</testsuite> <!-- package1.LaunchBrowser -->
